<?xml version="1.0" encoding="UTF-8"?>
<jml-config>
	<separador>test2</separador>
	<info-jml-name>test1</info-jml-name>
	<albums-path>path</albums-path>
	<sublabels>
		<label>
			<name>Música del Mundo</name>
			<sublabel>España</sublabel>
			<sublabel>Brasil</sublabel>
			<sublabel>Cuba</sublabel>
		</label>
		<label>
			<name>Géneros Populares</name>
			<sublabel>Rock</sublabel>
			<sublabel>Pop</sublabel>
			<sublabel>Electrónica</sublabel>
		</label>
	</sublabels>
</jml-config>