<?xml version="1.0" encoding="UTF-8"?>
<jml-config>
	<test>testValor</test>
</jml-config>